<?xml version="1.0" encoding="UTF-8"?>
<!-- Generated by org.testng.reporters.JUnitReportReporter -->
<testsuite skipped="0" hostname="www-PC" name="com.POM.TestCases.POMtestcase03" tests="1" failures="0" timestamp="28 Jun 2020 03:53:01 GMT" time="13.003" errors="0">
  <testcase name="LoginFramework" time="13.003" classname="com.POM.TestCases.POMtestcase03"/>
</testsuite> <!-- com.POM.TestCases.POMtestcase03 -->
